[debug] > Exec(early(addDefaultCommands), None, None)
[debug] > Exec(addDefaultCommands, None, None)
[debug] > Exec(early(initialize), None, None)
[debug] > Exec(initialize, None, None)
[debug] > Exec(early(addPluginSbtFile="""C:\Users\erkyo\AppData\Local\Temp\idea.sbt"""), None, None)
[debug] > Exec(addPluginSbtFile="""C:\Users\erkyo\AppData\Local\Temp\idea.sbt""", None, None)
[debug] > Exec(boot, None, None)
[debug] > Exec(writeSbtVersion, None, None)
[debug] > Exec(reload, None, None)
[debug] > Exec(sbtStashOnFailure, None, None)
[debug] > Exec(onFailure loadFailed, None, None)
[debug] > Exec(loadp, None, None)
[info] welcome to sbt 1.9.9 (Amazon.com Inc. Java 17.0.8.1)
[debug]       Load.loadUnit: plugins took 60.0009ms
[debug]       Load.loadUnit: defsScala took 0.1818ms
[debug] [Loading] Scanning directory C:\Users\erkyo\.sbt\1.0\plugins
[debug] [Loading] Found non-root projects 
[debug] [Loading] Done in C:\Users\erkyo\.sbt\1.0\plugins, returning: ()
[debug] deducing auto plugins based on known facts Set(Atom(sbt.plugins.CorePlugin)) and clauses Clauses(Clause(Atom(sbt.plugins.JvmPlugin),Set(Atom(sbt.plugins.IvyPlugin)))
[debug] Clause(Atom(sbt.ScriptedPlugin),Set(Atom(sbt.plugins.JvmPlugin)))
[debug] Clause(Atom(sbt.plugins.SbtPlugin),Set(Atom(sbt.ScriptedPlugin)))
[debug] Clause(Atom(sbt.plugins.SemanticdbPlugin),Set(Atom(sbt.plugins.JvmPlugin)))
[debug] Clause(Atom(sbt.plugins.JUnitXmlReportPlugin),Set(Atom(sbt.plugins.JvmPlugin)))
[debug] Clause(Atom(sbt.plugins.MiniDependencyTreePlugin),Set(Atom(sbt.plugins.JvmPlugin)))
[debug] Clause(Atom(sbt.plugins.CorePlugin),Set(Atom(sbt.plugins.IvyPlugin)))
[debug] Clause(Atom(sbt.plugins.IvyPlugin),Set(Atom(sbt.plugins.JvmPlugin)))
[debug] Clause(Atom(sbt.plugins.JvmPlugin),Set(Atom(sbt.plugins.SemanticdbPlugin)))
[debug] Clause(Atom(sbt.plugins.JvmPlugin),Set(Atom(sbt.plugins.JUnitXmlReportPlugin)))
[debug] Clause(Atom(sbt.plugins.CorePlugin),Set(Atom(sbt.plugins.Giter8TemplatePlugin)))
[debug] Clause(Atom(sbt.plugins.JvmPlugin),Set(Atom(sbt.plugins.MiniDependencyTreePlugin))))
[debug]   :: deduced result: Matched(sbt.plugins.CorePlugin,sbt.plugins.Giter8TemplatePlugin,sbt.plugins.IvyPlugin,sbt.plugins.JvmPlugin,sbt.plugins.MiniDependencyTreePlugin,sbt.plugins.JUnitXmlReportPlugin,sbt.plugins.SemanticdbPlugin)
[debug] Plugins.deducer#function took 25.5071 ms
[debug]           Load.resolveProject(global-plugins) took 40.6506ms
[debug]         Load.loadTransitive: finalizeProject(Project(id global-plugins, base: C:\Users\erkyo\.sbt\1.0\plugins, plugins: List(<none>))) took 81.0945ms
[debug] [Loading] Done in C:\Users\erkyo\.sbt\1.0\plugins, returning: (global-plugins)
[debug]       Load.loadUnit: loadedProjectsRaw took 95.2773ms
[debug]       Load.loadUnit: cleanEvalClasses took 0.2702ms
[debug]     Load.loadUnit(file:/C:/Users/erkyo/.sbt/1.0/plugins/, ...) took 161.8683ms
[debug]   Load.apply: load took 354.2705ms
[debug]   Load.apply: resolveProjects took 4.246ms
[debug]   Load.apply: finalTransforms took 62.1473ms
[debug]   Load.apply: config.delegates took 9.2161ms
[debug]   Load.apply: Def.make(settings)... took 411.7149ms
[debug]   Load.apply: structureIndex took 90.1617ms
[debug]   Load.apply: mkStreams took 1.1328ms
[info] loading global plugins from C:\Users\erkyo\.sbt\1.0\plugins
[debug] Running task... Cancel: Signal, check cycles: false, forcegc: true
[debug] Load.defaultLoad until apply took 3889.2141ms
[debug]           Load.loadUnit: plugins took 14.0349ms
[debug]           Load.loadUnit: defsScala took 0.003ms
[debug] [Loading] Scanning directory C:\Users\erkyo\Desktop\Scala\app\project
[debug]             Load.loadUnit: mkEval took 3.8426ms
[debug] [Loading] Found non-root projects 
[debug] [Loading] Done in C:\Users\erkyo\Desktop\Scala\app\project, returning: ()
[debug] deducing auto plugins based on known facts Set(Atom(sbt.plugins.CorePlugin)) and clauses Clauses(Clause(Atom(sbt.plugins.JvmPlugin),Set(Atom(sbt.plugins.IvyPlugin)))
[debug] Clause(Atom(sbt.ScriptedPlugin),Set(Atom(sbt.plugins.JvmPlugin)))
[debug] Clause(Atom(sbt.plugins.SbtPlugin),Set(Atom(sbt.ScriptedPlugin)))
[debug] Clause(Atom(sbt.plugins.SemanticdbPlugin),Set(Atom(sbt.plugins.JvmPlugin)))
[debug] Clause(Atom(sbt.plugins.JUnitXmlReportPlugin),Set(Atom(sbt.plugins.JvmPlugin)))
[debug] Clause(Atom(sbt.plugins.MiniDependencyTreePlugin),Set(Atom(sbt.plugins.JvmPlugin)))
[debug] Clause(Atom(sbt.plugins.CorePlugin),Set(Atom(sbt.plugins.IvyPlugin)))
[debug] Clause(Atom(sbt.plugins.IvyPlugin),Set(Atom(sbt.plugins.JvmPlugin)))
[debug] Clause(Atom(sbt.plugins.JvmPlugin),Set(Atom(sbt.plugins.SemanticdbPlugin)))
[debug] Clause(Atom(sbt.plugins.JvmPlugin),Set(Atom(sbt.plugins.JUnitXmlReportPlugin)))
[debug] Clause(Atom(sbt.plugins.CorePlugin),Set(Atom(sbt.plugins.Giter8TemplatePlugin)))
[debug] Clause(Atom(sbt.plugins.JvmPlugin),Set(Atom(sbt.plugins.MiniDependencyTreePlugin))))
[debug]   :: deduced result: Matched(sbt.plugins.CorePlugin,sbt.plugins.Giter8TemplatePlugin,sbt.plugins.IvyPlugin,sbt.plugins.JvmPlugin,sbt.plugins.MiniDependencyTreePlugin,sbt.plugins.JUnitXmlReportPlugin,sbt.plugins.SemanticdbPlugin)
[debug] Plugins.deducer#function took 1.3406 ms
[info] loading settings for project app-build from idea.sbt ...
[debug]               Load.resolveProject(app-build) took 2.6761ms
[debug]             Load.loadTransitive: finalizeProject(Project(id app-build, base: C:\Users\erkyo\Desktop\Scala\app\project, plugins: List(<none>))) took 4.4498ms
[debug] [Loading] Done in C:\Users\erkyo\Desktop\Scala\app\project, returning: (app-build)
[debug]           Load.loadUnit: loadedProjectsRaw took 167.2956ms
[debug]           Load.loadUnit: cleanEvalClasses took 4.8835ms
[debug]         Load.loadUnit(file:/C:/Users/erkyo/Desktop/Scala/app/project/, ...) took 186.909ms
[debug]       Load.apply: load took 188.3957ms
[debug]       Load.apply: resolveProjects took 0.118ms
[debug]       Load.apply: finalTransforms took 16.4526ms
[debug]       Load.apply: config.delegates took 0.5235ms
[debug]       Load.apply: Def.make(settings)... took 88.9205ms
[debug]       Load.apply: structureIndex took 23.8125ms
[debug]       Load.apply: mkStreams took 0.0029ms
[info] loading project definition from C:\Users\erkyo\Desktop\Scala\app\project
[debug] Running task... Cancel: Signal, check cycles: false, forcegc: true
[debug]     Load.loadUnit: plugins took 876.8583ms
[debug]     Load.loadUnit: defsScala took 0.0039ms
[debug] [Loading] Scanning directory C:\Users\erkyo\Desktop\Scala\app
[debug]       Load.loadUnit: mkEval took 0.3866ms
[debug] [Loading] Found root project root w/ remaining 
[debug] deducing auto plugins based on known facts Set(Atom(sbt.plugins.CorePlugin)) and clauses Clauses(Clause(Atom(sbt.plugins.JvmPlugin),Set(Atom(sbt.plugins.IvyPlugin)))
[debug] Clause(Atom(sbt.ScriptedPlugin),Set(Atom(sbt.plugins.JvmPlugin)))
[debug] Clause(Atom(sbt.plugins.SbtPlugin),Set(Atom(sbt.ScriptedPlugin)))
[debug] Clause(Atom(sbt.plugins.SemanticdbPlugin),Set(Atom(sbt.plugins.JvmPlugin)))
[debug] Clause(Atom(sbt.plugins.JUnitXmlReportPlugin),Set(Atom(sbt.plugins.JvmPlugin)))
[debug] Clause(Atom(sbt.plugins.MiniDependencyTreePlugin),Set(Atom(sbt.plugins.JvmPlugin)))
[debug] Clause(Atom(org.jetbrains.sbt.StructurePlugin),Set(Atom(sbt.plugins.JvmPlugin)))
[debug] Clause(Atom(org.jetbrains.sbt.IdeaShellPlugin),Set(Atom(sbt.plugins.JvmPlugin)))
[debug] Clause(Atom(org.jetbrains.sbt.indices.SbtIntellijIndicesPlugin),Set(Atom(sbt.plugins.JvmPlugin)))
[debug] Clause(Atom(sbt.plugins.CorePlugin),Set(Atom(sbt.plugins.IvyPlugin)))
[debug] Clause(Atom(sbt.plugins.IvyPlugin),Set(Atom(sbt.plugins.JvmPlugin)))
[debug] Clause(Atom(sbt.plugins.JvmPlugin),Set(Atom(sbt.plugins.SemanticdbPlugin)))
[debug] Clause(Atom(sbt.plugins.JvmPlugin),Set(Atom(sbt.plugins.JUnitXmlReportPlugin)))
[debug] Clause(Atom(sbt.plugins.CorePlugin),Set(Atom(sbt.plugins.Giter8TemplatePlugin)))
[debug] Clause(Atom(sbt.plugins.JvmPlugin),Set(Atom(sbt.plugins.MiniDependencyTreePlugin)))
[debug] Clause(Atom(sbt.plugins.JvmPlugin),Set(Atom(org.jetbrains.sbt.StructurePlugin)))
[debug] Clause(Atom(sbt.plugins.JvmPlugin),Set(Atom(org.jetbrains.sbt.IdeaShellPlugin)))
[debug] Clause(And(Set(Atom(sbt.plugins.CorePlugin), Atom(sbt.plugins.JvmPlugin))),Set(Atom(org.jetbrains.sbt.indices.SbtIntellijIndicesPlugin))))
[debug]   :: deduced result: Matched(sbt.plugins.CorePlugin,sbt.plugins.Giter8TemplatePlugin,sbt.plugins.IvyPlugin,sbt.plugins.JvmPlugin,sbt.plugins.SemanticdbPlugin,org.jetbrains.sbt.indices.SbtIntellijIndicesPlugin,sbt.plugins.JUnitXmlReportPlugin,org.jetbrains.sbt.IdeaShellPlugin,org.jetbrains.sbt.StructurePlugin,sbt.plugins.MiniDependencyTreePlugin)
[debug] Plugins.deducer#function took 1.9309 ms
[info] loading settings for project root from build.sbt ...
[debug]         Load.resolveProject(root) took 21.4053ms
[debug]       Load.loadTransitive: finalizeProject(Project(id root, base: C:\Users\erkyo\Desktop\Scala\app, plugins: List(<none>))) took 24.8112ms
[debug] [Loading] Done in C:\Users\erkyo\Desktop\Scala\app, returning: (root)
[debug]     Load.loadUnit: loadedProjectsRaw took 256.4944ms
[debug]     Load.loadUnit: cleanEvalClasses took 17.3964ms
[debug]   Load.loadUnit(file:/C:/Users/erkyo/Desktop/Scala/app/, ...) took 1151.5697ms
[debug] Load.apply: load took 1152.9424ms
[debug] Load.apply: resolveProjects took 0.099ms
[debug] Load.apply: finalTransforms took 20.5047ms
[debug] Load.apply: config.delegates took 1.5893ms
[debug] Load.apply: Def.make(settings)... took 85.9378ms
[debug] Load.apply: structureIndex took 23.5659ms
[debug] Load.apply: mkStreams took 0.003ms
[info] set current project to app (in build file:/C:/Users/erkyo/Desktop/Scala/app/)
[debug] > Exec(sbtPopOnFailure, None, None)
[debug] > Exec(resumeFromFailure, None, None)
[debug] > Exec(notifyUsersAboutShell, None, None)
[debug] > Exec(iflast shell, None, None)
[debug] > Exec(; set ideaPort in Global := 55379 ; idea-shell, None, None)
[debug] > Exec(set ideaPort in Global := 55379, None, None)
[info] Defining Global / ideaPort
[info] The new value will be used by Compile / compile, Test / compile
[debug] Defining 
[debug] 	Global / ideaPort
[debug] 
[debug] The new value will be used by 
[debug] 	Compile / compile
[debug] 	Test / compile
[info] Reapplying settings...
[info] set current project to app (in build file:/C:/Users/erkyo/Desktop/Scala/app/)
[debug] > Exec(idea-shell, None, None)
