[debug] > Exec(early(addDefaultCommands), None, None)
[debug] > Exec(addDefaultCommands, None, None)
[debug] > Exec(early(initialize), None, None)
[debug] > Exec(initialize, None, None)
[debug] > Exec(early(addPluginSbtFile="""C:\Users\erkyo\AppData\Local\Temp\idea.sbt"""), None, None)
[debug] > Exec(addPluginSbtFile="""C:\Users\erkyo\AppData\Local\Temp\idea.sbt""", None, None)
[debug] > Exec(boot, None, None)
[debug] > Exec(writeSbtVersion, None, None)
[debug] > Exec(reload, None, None)
[debug] > Exec(sbtStashOnFailure, None, None)
[debug] > Exec(onFailure loadFailed, None, None)
[debug] > Exec(loadp, None, None)
[info] welcome to sbt 1.9.9 (Amazon.com Inc. Java 17.0.8.1)
[debug]       Load.loadUnit: plugins took 130.6258ms
[debug]       Load.loadUnit: defsScala took 0.8992ms
[debug] [Loading] Scanning directory C:\Users\erkyo\.sbt\1.0\plugins
[debug] [Loading] Found non-root projects 
[debug] [Loading] Done in C:\Users\erkyo\.sbt\1.0\plugins, returning: ()
[debug] deducing auto plugins based on known facts Set(Atom(sbt.plugins.CorePlugin)) and clauses Clauses(Clause(Atom(sbt.plugins.JvmPlugin),Set(Atom(sbt.plugins.IvyPlugin)))
[debug] Clause(Atom(sbt.ScriptedPlugin),Set(Atom(sbt.plugins.JvmPlugin)))
[debug] Clause(Atom(sbt.plugins.SbtPlugin),Set(Atom(sbt.ScriptedPlugin)))
[debug] Clause(Atom(sbt.plugins.SemanticdbPlugin),Set(Atom(sbt.plugins.JvmPlugin)))
[debug] Clause(Atom(sbt.plugins.JUnitXmlReportPlugin),Set(Atom(sbt.plugins.JvmPlugin)))
[debug] Clause(Atom(sbt.plugins.MiniDependencyTreePlugin),Set(Atom(sbt.plugins.JvmPlugin)))
[debug] Clause(Atom(sbt.plugins.CorePlugin),Set(Atom(sbt.plugins.IvyPlugin)))
[debug] Clause(Atom(sbt.plugins.IvyPlugin),Set(Atom(sbt.plugins.JvmPlugin)))
[debug] Clause(Atom(sbt.plugins.JvmPlugin),Set(Atom(sbt.plugins.SemanticdbPlugin)))
[debug] Clause(Atom(sbt.plugins.JvmPlugin),Set(Atom(sbt.plugins.JUnitXmlReportPlugin)))
[debug] Clause(Atom(sbt.plugins.CorePlugin),Set(Atom(sbt.plugins.Giter8TemplatePlugin)))
[debug] Clause(Atom(sbt.plugins.JvmPlugin),Set(Atom(sbt.plugins.MiniDependencyTreePlugin))))
[debug]   :: deduced result: Matched(sbt.plugins.CorePlugin,sbt.plugins.Giter8TemplatePlugin,sbt.plugins.IvyPlugin,sbt.plugins.JvmPlugin,sbt.plugins.MiniDependencyTreePlugin,sbt.plugins.JUnitXmlReportPlugin,sbt.plugins.SemanticdbPlugin)
[debug] Plugins.deducer#function took 29.7741 ms
[debug]           Load.resolveProject(global-plugins) took 63.6652ms
[debug]         Load.loadTransitive: finalizeProject(Project(id global-plugins, base: C:\Users\erkyo\.sbt\1.0\plugins, plugins: List(<none>))) took 124.2051ms
[debug] [Loading] Done in C:\Users\erkyo\.sbt\1.0\plugins, returning: (global-plugins)
[debug]       Load.loadUnit: loadedProjectsRaw took 177.7098ms
[debug]       Load.loadUnit: cleanEvalClasses took 0.6309ms
[debug]     Load.loadUnit(file:/C:/Users/erkyo/.sbt/1.0/plugins/, ...) took 328.5465ms
[debug]   Load.apply: load took 579.7074ms
[debug]   Load.apply: resolveProjects took 7.4508ms
[debug]   Load.apply: finalTransforms took 67.6595ms
[debug]   Load.apply: config.delegates took 9.7983ms
[debug]   Load.apply: Def.make(settings)... took 443.0667ms
[debug]   Load.apply: structureIndex took 93.0928ms
[debug]   Load.apply: mkStreams took 2.2985ms
[info] loading global plugins from C:\Users\erkyo\.sbt\1.0\plugins
[debug] Running task... Cancel: Signal, check cycles: false, forcegc: true
[debug] Load.defaultLoad until apply took 2446.2186ms
[debug]           Load.loadUnit: plugins took 20.0116ms
[debug]           Load.loadUnit: defsScala took 0.0036ms
[debug] [Loading] Scanning directory C:\Users\erkyo\Desktop\Scala\backend\project
[debug]             Load.loadUnit: mkEval took 5.1388ms
[debug] [Loading] Found non-root projects 
[debug] [Loading] Done in C:\Users\erkyo\Desktop\Scala\backend\project, returning: ()
[debug] deducing auto plugins based on known facts Set(Atom(sbt.plugins.CorePlugin)) and clauses Clauses(Clause(Atom(sbt.plugins.JvmPlugin),Set(Atom(sbt.plugins.IvyPlugin)))
[debug] Clause(Atom(sbt.ScriptedPlugin),Set(Atom(sbt.plugins.JvmPlugin)))
[debug] Clause(Atom(sbt.plugins.SbtPlugin),Set(Atom(sbt.ScriptedPlugin)))
[debug] Clause(Atom(sbt.plugins.SemanticdbPlugin),Set(Atom(sbt.plugins.JvmPlugin)))
[debug] Clause(Atom(sbt.plugins.JUnitXmlReportPlugin),Set(Atom(sbt.plugins.JvmPlugin)))
[debug] Clause(Atom(sbt.plugins.MiniDependencyTreePlugin),Set(Atom(sbt.plugins.JvmPlugin)))
[debug] Clause(Atom(sbt.plugins.CorePlugin),Set(Atom(sbt.plugins.IvyPlugin)))
[debug] Clause(Atom(sbt.plugins.IvyPlugin),Set(Atom(sbt.plugins.JvmPlugin)))
[debug] Clause(Atom(sbt.plugins.JvmPlugin),Set(Atom(sbt.plugins.SemanticdbPlugin)))
[debug] Clause(Atom(sbt.plugins.JvmPlugin),Set(Atom(sbt.plugins.JUnitXmlReportPlugin)))
[debug] Clause(Atom(sbt.plugins.CorePlugin),Set(Atom(sbt.plugins.Giter8TemplatePlugin)))
[debug] Clause(Atom(sbt.plugins.JvmPlugin),Set(Atom(sbt.plugins.MiniDependencyTreePlugin))))
[debug]   :: deduced result: Matched(sbt.plugins.CorePlugin,sbt.plugins.Giter8TemplatePlugin,sbt.plugins.IvyPlugin,sbt.plugins.JvmPlugin,sbt.plugins.MiniDependencyTreePlugin,sbt.plugins.JUnitXmlReportPlugin,sbt.plugins.SemanticdbPlugin)
[debug] Plugins.deducer#function took 1.2806 ms
[info] loading settings for project backend-build from idea.sbt ...
[debug]               Load.resolveProject(backend-build) took 9.7748ms
[debug]             Load.loadTransitive: finalizeProject(Project(id backend-build, base: C:\Users\erkyo\Desktop\Scala\backend\project, plugins: List(<none>))) took 11.6888ms
[debug] [Loading] Done in C:\Users\erkyo\Desktop\Scala\backend\project, returning: (backend-build)
[debug]           Load.loadUnit: loadedProjectsRaw took 178.1679ms
[debug]           Load.loadUnit: cleanEvalClasses took 6.1981ms
[debug]         Load.loadUnit(file:/C:/Users/erkyo/Desktop/Scala/backend/project/, ...) took 205.1571ms
[debug]       Load.apply: load took 206.4632ms
[debug]       Load.apply: resolveProjects took 0.1057ms
[debug]       Load.apply: finalTransforms took 9.9436ms
[debug]       Load.apply: config.delegates took 0.3132ms
[debug]       Load.apply: Def.make(settings)... took 76.4374ms
[debug]       Load.apply: structureIndex took 30.6968ms
[debug]       Load.apply: mkStreams took 0.0029ms
[info] loading project definition from C:\Users\erkyo\Desktop\Scala\backend\project
[debug] Running task... Cancel: Signal, check cycles: false, forcegc: true
[warn] Unrecognized repository Scala Plugin Bundled Repository, ignoring it
[warn] Unrecognized repository Scala Plugin Bundled Repository, ignoring it
[debug]     Load.loadUnit: plugins took 1599.6668ms
[debug]     Load.loadUnit: defsScala took 0.0029ms
[debug] [Loading] Scanning directory C:\Users\erkyo\Desktop\Scala\backend
[debug]       Load.loadUnit: mkEval took 0.2044ms
[debug] [Loading] Found root project root w/ remaining 
[debug] deducing auto plugins based on known facts Set(Atom(sbt.plugins.CorePlugin)) and clauses Clauses(Clause(Atom(sbt.plugins.JvmPlugin),Set(Atom(sbt.plugins.IvyPlugin)))
[debug] Clause(Atom(sbt.ScriptedPlugin),Set(Atom(sbt.plugins.JvmPlugin)))
[debug] Clause(Atom(sbt.plugins.SbtPlugin),Set(Atom(sbt.ScriptedPlugin)))
[debug] Clause(Atom(sbt.plugins.SemanticdbPlugin),Set(Atom(sbt.plugins.JvmPlugin)))
[debug] Clause(Atom(sbt.plugins.JUnitXmlReportPlugin),Set(Atom(sbt.plugins.JvmPlugin)))
[debug] Clause(Atom(sbt.plugins.MiniDependencyTreePlugin),Set(Atom(sbt.plugins.JvmPlugin)))
[debug] Clause(Atom(org.jetbrains.sbt.StructurePlugin),Set(Atom(sbt.plugins.JvmPlugin)))
[debug] Clause(Atom(org.jetbrains.sbt.IdeaShellPlugin),Set(Atom(sbt.plugins.JvmPlugin)))
[debug] Clause(Atom(org.jetbrains.sbt.indices.SbtIntellijIndicesPlugin),Set(Atom(sbt.plugins.JvmPlugin)))
[debug] Clause(Atom(sbt.plugins.CorePlugin),Set(Atom(sbt.plugins.IvyPlugin)))
[debug] Clause(Atom(sbt.plugins.IvyPlugin),Set(Atom(sbt.plugins.JvmPlugin)))
[debug] Clause(Atom(sbt.plugins.JvmPlugin),Set(Atom(sbt.plugins.SemanticdbPlugin)))
[debug] Clause(Atom(sbt.plugins.JvmPlugin),Set(Atom(sbt.plugins.JUnitXmlReportPlugin)))
[debug] Clause(Atom(sbt.plugins.CorePlugin),Set(Atom(sbt.plugins.Giter8TemplatePlugin)))
[debug] Clause(Atom(sbt.plugins.JvmPlugin),Set(Atom(sbt.plugins.MiniDependencyTreePlugin)))
[debug] Clause(Atom(sbt.plugins.JvmPlugin),Set(Atom(org.jetbrains.sbt.StructurePlugin)))
[debug] Clause(Atom(sbt.plugins.JvmPlugin),Set(Atom(org.jetbrains.sbt.IdeaShellPlugin)))
[debug] Clause(And(Set(Atom(sbt.plugins.CorePlugin), Atom(sbt.plugins.JvmPlugin))),Set(Atom(org.jetbrains.sbt.indices.SbtIntellijIndicesPlugin))))
[debug]   :: deduced result: Matched(sbt.plugins.CorePlugin,sbt.plugins.Giter8TemplatePlugin,sbt.plugins.IvyPlugin,sbt.plugins.JvmPlugin,sbt.plugins.SemanticdbPlugin,org.jetbrains.sbt.indices.SbtIntellijIndicesPlugin,sbt.plugins.JUnitXmlReportPlugin,org.jetbrains.sbt.IdeaShellPlugin,org.jetbrains.sbt.StructurePlugin,sbt.plugins.MiniDependencyTreePlugin)
[debug] Plugins.deducer#function took 1.4909 ms
[info] loading settings for project root from build.sbt ...
[debug]         Load.resolveProject(root) took 36.8366ms
[debug]       Load.loadTransitive: finalizeProject(Project(id root, base: C:\Users\erkyo\Desktop\Scala\backend, plugins: List(<none>))) took 39.8849ms
[debug] [Loading] Done in C:\Users\erkyo\Desktop\Scala\backend, returning: (root)
[debug]     Load.loadUnit: loadedProjectsRaw took 2938.9851ms
[debug]     Load.loadUnit: cleanEvalClasses took 15.2741ms
[debug]   Load.loadUnit(file:/C:/Users/erkyo/Desktop/Scala/backend/, ...) took 4554.6864ms
[debug] Load.apply: load took 4556.1727ms
[debug] Load.apply: resolveProjects took 0.1278ms
[debug] Load.apply: finalTransforms took 25.4931ms
[debug] Load.apply: config.delegates took 0.2906ms
[debug] Load.apply: Def.make(settings)... took 64.276ms
[debug] Load.apply: structureIndex took 19.8623ms
[debug] Load.apply: mkStreams took 0.0031ms
[info] set current project to app (in build file:/C:/Users/erkyo/Desktop/Scala/backend/)
[debug] > Exec(sbtPopOnFailure, None, None)
[debug] > Exec(resumeFromFailure, None, None)
[debug] > Exec(notifyUsersAboutShell, None, None)
[debug] > Exec(iflast shell, None, None)
[debug] > Exec(; set ideaPort in Global := 18005 ; idea-shell, None, None)
[debug] > Exec(set ideaPort in Global := 18005, None, None)
[info] Defining Global / ideaPort
[info] The new value will be used by Compile / compile, Test / compile
[debug] Defining 
[debug] 	Global / ideaPort
[debug] 
[debug] The new value will be used by 
[debug] 	Compile / compile
[debug] 	Test / compile
[info] Reapplying settings...
[info] set current project to app (in build file:/C:/Users/erkyo/Desktop/Scala/backend/)
[debug] > Exec(idea-shell, None, None)
